<?xml version="1.0" encoding="UTF-8"?>
<!-- Generated by org.testng.reporters.JUnitXMLReporter -->
<testsuite ignored="0" hostname="DESKTOP-9UL210L" failures="0" tests="5" name="Assignment Flow" time="49.245" errors="0" timestamp="2025-11-30T01:51:17 TRT">
  <testcase classname="com.insider.tests.HomePageSmokeTest" name="shouldOpenInsiderHomePage" time="2.229"/>
  <testcase classname="com.insider.tests.CareersNavigationTest" name="shouldNavigateToCareersPageFromCompanyMenu" time="4.446"/>
  <testcase classname="com.insider.tests.CareersPageTest" name="shouldDisplayKeySectionsOnCareersPage" time="19.975"/>
  <testcase classname="com.insider.tests.QaCareersPageTest" name="shouldOpenQaCareersPageAndShowSeeAllJobsButton" time="2.585"/>
  <testcase classname="com.insider.tests.OpenPositionsPageTest" name="shouldFilterQaJobsByLocationAndDepartment" time="14.223"/>
</testsuite> <!-- Assignment Flow -->
