<?xml version="1.0" encoding="UTF-8"?>
<testng-results ignored="0" total="5" passed="5" failed="0" skipped="0">
  <reporter-output>
  </reporter-output>
  <suite started-at="2025-11-30T01:50:28 TRT" name="Insider Careers Suite" finished-at="2025-11-30T01:51:17 TRT" duration-ms="49245">
    <groups>
      <group name="navigation">
        <method signature="CareersNavigationTest.shouldNavigateToCareersPageFromCompanyMenu()[pri:0, instance:com.insider.tests.CareersNavigationTest@564fabc8]" name="shouldNavigateToCareersPageFromCompanyMenu" class="com.insider.tests.CareersNavigationTest"/>
      </group> <!-- navigation -->
      <group name="integration">
        <method signature="OpenPositionsPageTest.shouldFilterQaJobsByLocationAndDepartment()[pri:0, instance:com.insider.tests.OpenPositionsPageTest@1d2adfbe]" name="shouldFilterQaJobsByLocationAndDepartment" class="com.insider.tests.OpenPositionsPageTest"/>
      </group> <!-- integration -->
      <group name="smoke">
        <method signature="CareersNavigationTest.shouldNavigateToCareersPageFromCompanyMenu()[pri:0, instance:com.insider.tests.CareersNavigationTest@564fabc8]" name="shouldNavigateToCareersPageFromCompanyMenu" class="com.insider.tests.CareersNavigationTest"/>
        <method signature="HomePageSmokeTest.shouldOpenInsiderHomePage()[pri:0, instance:com.insider.tests.HomePageSmokeTest@7c729a55]" name="shouldOpenInsiderHomePage" class="com.insider.tests.HomePageSmokeTest"/>
      </group> <!-- smoke -->
      <group name="content">
        <method signature="CareersPageTest.shouldDisplayKeySectionsOnCareersPage()[pri:0, instance:com.insider.tests.CareersPageTest@16d04d3d]" name="shouldDisplayKeySectionsOnCareersPage" class="com.insider.tests.CareersPageTest"/>
        <method signature="QaCareersPageTest.shouldOpenQaCareersPageAndShowSeeAllJobsButton()[pri:0, instance:com.insider.tests.QaCareersPageTest@49ec71f8]" name="shouldOpenQaCareersPageAndShowSeeAllJobsButton" class="com.insider.tests.QaCareersPageTest"/>
      </group> <!-- content -->
    </groups>
    <test started-at="2025-11-30T01:50:28 TRT" name="Assignment Flow" finished-at="2025-11-30T01:51:17 TRT" duration-ms="49245">
      <class name="com.insider.tests.CareersPageTest">
        <test-method is-config="true" signature="setUp()[pri:0, instance:com.insider.tests.CareersPageTest@16d04d3d]" started-at="2025-11-30T01:50:37 TRT" name="setUp" finished-at="2025-11-30T01:50:38 TRT" duration-ms="773" status="PASS">
          <reporter-output>
          </reporter-output>
        </test-method> <!-- setUp -->
        <test-method signature="shouldDisplayKeySectionsOnCareersPage()[pri:0, instance:com.insider.tests.CareersPageTest@16d04d3d]" started-at="2025-11-30T01:50:38 TRT" name="shouldDisplayKeySectionsOnCareersPage" finished-at="2025-11-30T01:50:58 TRT" duration-ms="19975" status="PASS">
          <reporter-output>
          </reporter-output>
        </test-method> <!-- shouldDisplayKeySectionsOnCareersPage -->
        <test-method is-config="true" signature="tearDown()[pri:0, instance:com.insider.tests.CareersPageTest@16d04d3d]" started-at="2025-11-30T01:50:58 TRT" name="tearDown" finished-at="2025-11-30T01:50:58 TRT" duration-ms="279" status="PASS">
          <reporter-output>
          </reporter-output>
        </test-method> <!-- tearDown -->
      </class> <!-- com.insider.tests.CareersPageTest -->
      <class name="com.insider.tests.HomePageSmokeTest">
        <test-method is-config="true" signature="setUp()[pri:0, instance:com.insider.tests.HomePageSmokeTest@7c729a55]" started-at="2025-11-30T01:50:28 TRT" name="setUp" finished-at="2025-11-30T01:50:29 TRT" duration-ms="1342" status="PASS">
          <reporter-output>
          </reporter-output>
        </test-method> <!-- setUp -->
        <test-method signature="shouldOpenInsiderHomePage()[pri:0, instance:com.insider.tests.HomePageSmokeTest@7c729a55]" started-at="2025-11-30T01:50:29 TRT" name="shouldOpenInsiderHomePage" finished-at="2025-11-30T01:50:32 TRT" duration-ms="2229" status="PASS">
          <reporter-output>
          </reporter-output>
        </test-method> <!-- shouldOpenInsiderHomePage -->
        <test-method is-config="true" signature="tearDown()[pri:0, instance:com.insider.tests.HomePageSmokeTest@7c729a55]" started-at="2025-11-30T01:50:32 TRT" name="tearDown" finished-at="2025-11-30T01:50:32 TRT" duration-ms="196" status="PASS">
          <reporter-output>
          </reporter-output>
        </test-method> <!-- tearDown -->
      </class> <!-- com.insider.tests.HomePageSmokeTest -->
      <class name="com.insider.tests.CareersNavigationTest">
        <test-method is-config="true" signature="setUp()[pri:0, instance:com.insider.tests.CareersNavigationTest@564fabc8]" started-at="2025-11-30T01:50:32 TRT" name="setUp" finished-at="2025-11-30T01:50:33 TRT" duration-ms="784" status="PASS">
          <reporter-output>
          </reporter-output>
        </test-method> <!-- setUp -->
        <test-method signature="shouldNavigateToCareersPageFromCompanyMenu()[pri:0, instance:com.insider.tests.CareersNavigationTest@564fabc8]" started-at="2025-11-30T01:50:33 TRT" name="shouldNavigateToCareersPageFromCompanyMenu" finished-at="2025-11-30T01:50:37 TRT" duration-ms="4446" status="PASS">
          <reporter-output>
          </reporter-output>
        </test-method> <!-- shouldNavigateToCareersPageFromCompanyMenu -->
        <test-method is-config="true" signature="tearDown()[pri:0, instance:com.insider.tests.CareersNavigationTest@564fabc8]" started-at="2025-11-30T01:50:37 TRT" name="tearDown" finished-at="2025-11-30T01:50:37 TRT" duration-ms="261" status="PASS">
          <reporter-output>
          </reporter-output>
        </test-method> <!-- tearDown -->
      </class> <!-- com.insider.tests.CareersNavigationTest -->
      <class name="com.insider.tests.QaCareersPageTest">
        <test-method is-config="true" signature="setUp()[pri:0, instance:com.insider.tests.QaCareersPageTest@49ec71f8]" started-at="2025-11-30T01:50:58 TRT" name="setUp" finished-at="2025-11-30T01:50:59 TRT" duration-ms="902" status="PASS">
          <reporter-output>
          </reporter-output>
        </test-method> <!-- setUp -->
        <test-method signature="shouldOpenQaCareersPageAndShowSeeAllJobsButton()[pri:0, instance:com.insider.tests.QaCareersPageTest@49ec71f8]" started-at="2025-11-30T01:50:59 TRT" name="shouldOpenQaCareersPageAndShowSeeAllJobsButton" finished-at="2025-11-30T01:51:02 TRT" duration-ms="2585" status="PASS">
          <reporter-output>
          </reporter-output>
        </test-method> <!-- shouldOpenQaCareersPageAndShowSeeAllJobsButton -->
        <test-method is-config="true" signature="tearDown()[pri:0, instance:com.insider.tests.QaCareersPageTest@49ec71f8]" started-at="2025-11-30T01:51:02 TRT" name="tearDown" finished-at="2025-11-30T01:51:02 TRT" duration-ms="133" status="PASS">
          <reporter-output>
          </reporter-output>
        </test-method> <!-- tearDown -->
      </class> <!-- com.insider.tests.QaCareersPageTest -->
      <class name="com.insider.tests.OpenPositionsPageTest">
        <test-method is-config="true" signature="setUp()[pri:0, instance:com.insider.tests.OpenPositionsPageTest@1d2adfbe]" started-at="2025-11-30T01:51:02 TRT" name="setUp" finished-at="2025-11-30T01:51:03 TRT" duration-ms="709" status="PASS">
          <reporter-output>
          </reporter-output>
        </test-method> <!-- setUp -->
        <test-method signature="shouldFilterQaJobsByLocationAndDepartment()[pri:0, instance:com.insider.tests.OpenPositionsPageTest@1d2adfbe]" started-at="2025-11-30T01:51:03 TRT" name="shouldFilterQaJobsByLocationAndDepartment" finished-at="2025-11-30T01:51:17 TRT" duration-ms="14223" status="PASS">
          <reporter-output>
          </reporter-output>
        </test-method> <!-- shouldFilterQaJobsByLocationAndDepartment -->
        <test-method is-config="true" signature="tearDown()[pri:0, instance:com.insider.tests.OpenPositionsPageTest@1d2adfbe]" started-at="2025-11-30T01:51:17 TRT" name="tearDown" finished-at="2025-11-30T01:51:17 TRT" duration-ms="358" status="PASS">
          <reporter-output>
          </reporter-output>
        </test-method> <!-- tearDown -->
      </class> <!-- com.insider.tests.OpenPositionsPageTest -->
    </test> <!-- Assignment Flow -->
  </suite> <!-- Insider Careers Suite -->
</testng-results>
